# fitting for parameter: 'N15_delta'
fit performed: Hill Equation
(Vmax*[S]**n)/(K0.5**n+[S]**n)

Res#:  1M
xdata: [0, 125, 250, 500, 1000, 2000, 4000]
ydata: [0.0, -0.034246083749707168, -0.074879358393232565, -0.11661556440428456, -0.17371919905663447, -0.23815680446777776, -0.32887092126429707]
ymax: -0.6081563583410937
yhalf: -0.30407817917054686
K0.5: 3313.817240119773
n: 0.7835897482283933
r**2: 0.9979246084721982
popt: [ -6.08156358e-01   7.83589748e-01   3.31381724e+03]
pcov: [[  1.48475050e-02   9.50687814e-03  -2.03438758e+02]
 [  9.50687814e-03   6.80910180e-03  -1.32591880e+02]
 [ -2.03438758e+02  -1.32591880e+02   2.80538994e+06]]
rsq: [0.9979246084721982, 0.00017015991074305884, 0.08198930585559733]
**************************

Res#:  2R
xdata: [0, 125, 250, 500, 1000, 2000, 4000]
ydata: [0.0, -0.01070956944060697, 0.00013525907493772138, -0.015761433951510639, -0.027276894898193405, -0.059218248992820577, -0.10193161292424691]
ymax: 8.361942137154576e-05
yhalf: 4.180971068577288e-05
K0.5: 802.6986292609934
n: 3.5282595239211733e-06
r**2: -0.7851379680559885
popt: [  8.36194214e-05   3.52825952e-06   8.02698629e+02]
pcov: [[  4.84187853e-03   6.53505808e+01   2.07996132e+09]
 [  6.53505808e+01   2.70175027e+06   1.80805684e+13]
 [  2.07996132e+09   1.80805684e+13   3.68302524e+21]]
rsq: [-0.7851379680559885, 0.015021988528607047, 0.00841502942484942]
**************************

Res#:  3T
xdata: [0, 125, 250, 500, 1000, 2000, 4000]
ydata: [0.0, -0.0024913024550698992, 0.008616065673322737, 0.0090194592584680322, 0.0063212001822563479, -0.021686386913387423, -0.040695002020783022]
ymax: 0.006409415999696669
yhalf: 0.0032047079998483346
K0.5: 641.4374714613225
n: 1.499699321963498e-07
r**2: -0.2695235835862917
popt: [  6.40941600e-03   1.49969932e-07   6.41437471e+02]
pcov: [[  7.60705955e-03   1.54403380e-01   7.43431969e+09]
 [  1.54403380e-01   4.68329734e+01   1.69234862e+11]
 [  7.43431969e+09   1.69234862e+11   7.71557283e+21]]
rsq: [-0.2695235835862917, 0.002652002378797021, 0.002088974488607253]
**************************

Res#:  4T
xdata: [0, 125, 250, 500, 1000, 2000, 4000]
ydata: [0.0, -0.0015532412837728771, 0.011260891312872445, 0.00072380389606507833, 0.018753706003565185, 0.053066964833035968, 0.11296692797411367]
ymax: 0.20296859742902432
yhalf: 0.10148429871451216
K0.5: 3532.072245406496
n: 1.8319535573078043
r**2: 0.9886175796430334
popt: [  2.02968597e-01   1.83195356e+00   3.53207225e+03]
pcov: [[  1.27884118e-02  -6.24673558e-02   2.52301593e+02]
 [ -6.24673558e-02   3.39183959e-01  -1.24708181e+03]
 [  2.52301593e+02  -1.24708181e+03   5.00978086e+06]]
rsq: [0.9886175796430334, 0.0001208212176046182, 0.010614721106365592]
**************************

Res#:  5T
xdata: [0, 125, 250, 500, 1000, 2000, 4000]
ydata: [0.0, -0.00053044739624397153, -0.0087767188211245184, -0.01782812654113286, -0.07377827643952628, -0.14664296765160145, -0.25660945818525249]
ymax: -0.39344270186257874
yhalf: -0.19672135093128937
K0.5: 2711.0428900072952
n: 1.5972632726795764
r**2: 0.9979290993010625
popt: [ -3.93442702e-01   1.59726327e+00   2.71104289e+03]
pcov: [[  3.13454465e-03   9.03148064e-03  -3.01840856e+01]
 [  9.03148064e-03   3.06246984e-02  -8.83755169e+01]
 [ -3.01840856e+01  -8.83755169e+01   2.95271032e+05]]
rsq: [0.9979290993010625, 0.00011779087497908717, 0.05687905510849765]
**************************

Res#:  6W
xdata: [0, 125, 250, 500, 1000, 2000, 4000]
ydata: [0.0, -0.020553011262961718, -0.012387014547130093, -0.0023038067887597435, 0.015604058236021956, 0.10299513869625798, 0.40622184659262928]
ymax: 0.6608148706730077
yhalf: 0.33040743533650385
K0.5: 3441.7946262947944
n: 3.108233281574919
r**2: 0.9957801976426549
popt: [  6.60814871e-01   3.10823328e+00   3.44179463e+03]
pcov: [[  2.36912642e-01  -6.95293004e-01   9.11113976e+02]
 [ -6.95293004e-01   2.08948941e+00  -2.67506343e+03]
 [  9.11113976e+02  -2.67506343e+03   3.50967139e+06]]
rsq: [0.9957801976426549, 0.0006000896989508788, 0.14220801073925818]
**************************

Res#:  7R
xdata: [0, 125, 250, 500, 1000, 2000, 4000]
ydata: [0.0, 0.005639564210412118, -0.003080016539144026, -0.0040238607970479734, 0.034587155858247343, 0.11202816679423222, 0.31270255497696553]
ymax: 0.6084956942856548
yhalf: 0.3042478471428274
K0.5: 3901.8217966472903
n: 2.2088142431725473
r**2: 0.9976178656241086
popt: [  6.08495694e-01   2.20881424e+00   3.90182180e+03]
pcov: [[  6.27909376e-02  -1.06300851e-01   3.66788674e+02]
 [ -1.06300851e-01   1.91571779e-01  -6.24878596e+02]
 [  3.66788674e+02  -6.24878596e+02   2.14858445e+06]]
rsq: [0.9976178656241086, 0.00019447703450300522, 0.0816398253898811]
**************************

Res#:  8Y
xdata: [0, 125, 250, 500, 1000, 2000, 4000]
ydata: [0.0, 0.011943744848963433, 0.019268021599032181, 0.0062107666440738285, 0.031753103319758225, 0.1394923638796115, 0.3906058187171908]
ymax: 0.7767340652028778
yhalf: 0.3883670326014389
K0.5: 3978.5737664805474
n: 2.2187003123906117
r**2: 0.9962777286830624
popt: [  7.76734065e-01   2.21870031e+00   3.97857377e+03]
pcov: [[  1.74755066e-01  -2.23750729e-01   8.03001413e+02]
 [ -2.23750729e-01   3.04171899e-01  -1.03448293e+03]
 [  8.03001413e+02  -1.03448293e+03   3.69913521e+06]]
rsq: [0.9962777286830624, 0.0004551876612356635, 0.12228760949380797]
**************************

Res#:  9Y
xdata: [0, 125, 250, 500, 1000, 2000, 4000]
ydata: [0.0, -0.0057932345538347363, 0.0018558616547608153, -0.006457551916923876, -3.6155695937623022e-05, 0.061737641670532639, 0.4179321153748532]
ymax: 0.41794437507843163
yhalf: 0.20897218753921581
K0.5: 2209.59805472277
n: 17.58531999898916
r**2: 0.9994649506511556
popt: [  4.17944375e-01   1.75853200e+01   2.20959805e+03]
pcov: [[  2.18233760e-02  -2.52016979e+03   3.16640505e+04]
 [ -2.52016979e+03   2.91292614e+08  -3.65987325e+09]
 [  3.16640505e+04  -3.65987325e+09   4.59835629e+10]]
rsq: [0.9994649506511556, 7.870709990970192e-05, 0.14710250574025815]
**************************

Res#:  10S
xdata: [0, 125, 250, 500, 1000, 2000, 4000]
ydata: [0.0, 0.0, 0.0, 0.0, 0.0, 0.0, 0.0]
!¡FIT FAILED TO FIND MINIMIZATION!¡
**************************

Res#:  11K
xdata: [0, 125, 250, 500, 1000, 2000, 4000]
ydata: [0.0, -0.1357189847470579, -0.76639302039197332, -0.93666691570211924, -0.93409919501087302, -0.95124951361208332, -0.93193698866110708]
ymax: -0.9404914077762025
yhalf: -0.4702457038881013
K0.5: 182.43527113195128
n: 4.713859828153544
r**2: 0.9997633352548285
popt: [  -0.94049141    4.71385983  182.43527113]
pcov: [[  1.60668371e-05   1.35678411e-04  -2.39816983e-03]
 [  1.35678411e-04   1.66965407e-02   3.02975989e-03]
 [ -2.39816983e-03   3.02975989e-03   3.11843535e+00]]
rsq: [0.9997633352548285, 0.00024425108223075055, 1.032055205576644]
**************************

Res#:  12I
xdata: [0, 125, 250, 500, 1000, 2000, 4000]
ydata: [0.0, -0.039306189109083789, -0.24162772213219341, -0.61232416079019458, -0.82416013724872528, -0.88396269143575523, -0.88765507032601931]
ymax: -0.8900184732846308
yhalf: -0.4450092366423154
K0.5: 368.8003803005925
n: 2.609567225275928
r**2: 0.9998117435782181
popt: [  -0.89001847    2.60956723  368.8003803 ]
pcov: [[  2.28772419e-05   1.50234317e-04  -1.08862114e-02]
 [  1.50234317e-04   4.13503387e-03  -6.91170479e-02]
 [ -1.08862114e-02  -6.91170479e-02   1.74757277e+01]]
rsq: [0.9998117435782181, 0.00017778525361700703, 0.9443781621589037]
**************************

Res#:  13Q
xdata: [0, 125, 250, 500, 1000, 2000, 4000]
ydata: [0.0, 0.0049263980280329633, 0.016619691583855456, 0.042751654791047144, 0.063034990975069149, 0.076281362235832262, 0.081635492118124375]
ymax: 0.08248821600471941
yhalf: 0.041244108002359704
K0.5: 504.29448419488205
n: 1.8669698527747762
r**2: 0.9988808005345772
popt: [  8.24882160e-02   1.86696985e+00   5.04294484e+02]
pcov: [[  2.19504836e-06  -1.06667530e-04   2.09954470e-02]
 [ -1.06667530e-04   1.14918315e-02  -1.00988649e+00]
 [  2.09954470e-02  -1.00988649e+00   3.63501806e+02]]
rsq: [0.9988808005345772, 7.790628122023517e-06, 0.006960893355216703]
**************************

Res#:  14T
xdata: [0, 125, 250, 500, 1000, 2000, 4000]
ydata: [0.0, -0.024387397082804796, -0.04457677793131154, -0.12249187015508767, -0.228689328095939, -0.3801010252696102, -0.44841187419402218]
ymax: -0.5122988244001562
yhalf: -0.2561494122000781
K0.5: 1088.1162678298638
n: 1.5603412057257486
r**2: 0.9982650801957712
popt: [ -5.12298824e-01   1.56034121e+00   1.08811627e+03]
pcov: [[  5.12619086e-04   2.24361444e-03  -1.87721895e+00]
 [  2.24361444e-03   1.42577009e-02  -8.28878013e+00]
 [ -1.87721895e+00  -8.28878013e+00   7.89410671e+03]]
rsq: [0.9982650801957712, 0.00033431825698410913, 0.19269954505633508]
**************************

Res#:  15L
xdata: [0, 125, 250, 500, 1000, 2000, 4000]
ydata: [0.0, 0.042650768244143933, 0.065137801910509552, 0.092053856050867466, 0.097330894905084619, 0.12406185696497118, 0.13808889216247167]
ymax: 0.16525553443979282
yhalf: 0.08262776721989641
K0.5: 465.4895433325858
n: 0.7332518956898579
r**2: 0.9907878686770407
popt: [  1.65255534e-01   7.33251896e-01   4.65489543e+02]
pcov: [[  5.93333813e-04  -4.00889548e-03   5.27663704e+00]
 [ -4.00889548e-03   3.12107784e-02  -3.51264528e+01]
 [  5.27663704e+00  -3.51264528e+01   4.87363695e+04]]
rsq: [0.9907878686770407, 0.0001269174380458864, 0.01377720677185442]
**************************

Res#:  16V
xdata: [0, 125, 250, 500, 1000, 2000, 4000]
ydata: [0.0, -0.0098746366091688742, -1.7396977540329317e-05, -0.019185843062558661, -0.10524013994776737, -0.4051208687719452, -0.52563803428495248]
ymax: -0.5411248078843814
yhalf: -0.2705624039421907
K0.5: 1477.8154128504357
n: 3.5744865428462305
r**2: 0.9994155958135538
popt: [ -5.41124808e-01   3.57448654e+00   1.47781541e+03]
pcov: [[  7.33973289e-05   8.50846440e-04  -1.72866287e-01]
 [  8.50846440e-04   2.72829188e-02  -1.86237577e+00]
 [ -1.72866287e-01  -1.86237577e+00   8.05900771e+02]]
rsq: [0.9994155958135538, 0.0001694209970330538, 0.28990380452833353]
**************************

Res#:  17A
xdata: [0, 125, 250, 500, 1000, 2000, 4000]
ydata: [0.0, 0.04428312960199321, 0.049542308526341117, 0.058014985351306336, 0.085369940415986889, 0.094974242044102652, 0.10427220688256966]
ymax: 0.1560423961026267
yhalf: 0.07802119805131336
K0.5: 940.7843273927745
n: 0.5245734571260444
r**2: 0.9847124176974513
popt: [  1.56042396e-01   5.24573457e-01   9.40784327e+02]
pcov: [[  4.21438563e-03  -1.38128025e-02   1.04548434e+02]
 [ -1.38128025e-02   4.84787706e-02  -3.43781264e+02]
 [  1.04548434e+02  -3.43781264e+02   2.60649442e+06]]
rsq: [0.9847124176974513, 0.00011845573772553974, 0.0077484938678493015]
**************************

Res#:  18K
xdata: [0, 125, 250, 500, 1000, 2000, 4000]
ydata: [0.0, -0.015797628649849571, -0.0094000024325993081, -0.023850472543230694, -0.059309725092646204, -0.17443018405458588, -0.28155141352068824]
ymax: -0.3586481963892882
yhalf: -0.1793240981946441
K0.5: 2091.1827148224074
n: 2.018126158346092
r**2: 0.9954338904509195
popt: [ -3.58648196e-01   2.01812616e+00   2.09118271e+03]
pcov: [[  1.80517800e-03   1.14726810e-02  -1.32428870e+01]
 [  1.14726810e-02   9.32319829e-02  -8.51159788e+01]
 [ -1.32428870e+01  -8.51159788e+01   1.02855027e+05]]
rsq: [0.9954338904509195, 0.0003133469980701259, 0.06862450291697932]
**************************

Res#:  19T
xdata: [0, 125, 250, 500, 1000, 2000, 4000]
ydata: [0.0, 0.080393885378768459, 0.13206639993214253, 0.20622703688067645, 0.30078121141950476, 0.43984774355649847, 0.55584422573350878]
ymax: 0.9162863810499737
yhalf: 0.45814319052498687
K0.5: 2307.6902178324654
n: 0.8091657462132353
r**2: 0.9993994507773052
popt: [  9.16286381e-01   8.09165746e-01   2.30769022e+03]
pcov: [[  5.61086416e-03  -3.09122965e-03   3.65095942e+01]
 [ -3.09122965e-03   1.93004471e-03  -2.04587991e+01]
 [  3.65095942e+01  -2.04587991e+01   2.39668183e+05]]
rsq: [0.9993994507773052, 0.00014357860514227115, 0.2390788293722195]
**************************

Res#:  20S
xdata: [0, 125, 250, 500, 1000, 2000, 4000]
ydata: [0.0, 0.0045555861843240564, -0.012341820812309834, -0.014438882375230833, -0.086313427941647092, -0.30761771165640539, -0.58872225810287659]
ymax: 0.0031082644876852332
yhalf: 0.0015541322438426166
K0.5: 687.2878284546931
n: 8.331000664248762e-06
r**2: -0.48357113291777476
popt: [  3.10826449e-03   8.33100066e-06   6.87287828e+02]
pcov: [[  6.02342759e+02  -1.22040986e+03   2.75586609e+13]
 [ -1.22040986e+03   2.29284796e+04  -5.57690546e+13]
 [  2.75586609e+13  -5.57690546e+13   1.26103449e+24]]
rsq: [-0.48357113291777476, 0.4521920549297828, 0.3047997125964873]
**************************
