458.N      124.618 0
458.HT3      8.081 0
458.HT1      8.081 0
458.HT2      8.081 0
459.HN       8.280 0
459.N      109.333 0
460.HN       7.814 0
460.N      119.496 0
461.HN       8.224 0
461.N      119.630 0
462.HN       8.197 0
462.N      123.018 0
463.HN       7.694 0
463.N      120.745 0
464.HN       8.085 0
464.N      123.658 0
465.HN       8.350 0
465.N      126.657 0
467.HN       8.368 0
467.N      122.849 0
468.HN       8.526 0
468.N      123.610 0
470.HN       7.882 0
470.N      118.150 0
471.HN       7.066 0
471.N      115.806 0
472.HN       7.124 0
472.N      122.279 0
473.HN       8.844 0
473.N      133.861 0
475.HN       8.574 0
475.N      124.946 0
476.HN       8.241 0
476.N      115.660 0
477.HN       7.527 0
477.N      119.187 0
478.HN       7.189 0
478.N      120.835 0
479.HN       8.764 0
479.N      126.791 0
480.HN       8.792 0
480.N      131.081 0
481.HN       8.582 0
481.N      114.899 0
482.HN       7.948 0
482.N      125.161 0
484.HN       9.075 0
484.N      124.373 0
485.HN       7.757 0
485.N      108.111 0
486.HN       8.299 0
486.N      120.473 0
487.HN       8.134 0
487.N      112.006 0
489.HN       7.850 0
489.N      114.130 0
490.HN       7.274 0
490.N      108.951 0
491.HN       8.547 0
491.N      119.813 0
492.HN       8.262 0
492.N      122.686 0
493.HN       9.103 0
493.N      127.127 0
494.HN       8.278 0
494.N      128.601 0
495.HN       8.621 0
495.N      125.270 0
496.HN       7.917 0
496.N      118.373 0
497.HN       8.962 0
497.N      126.183 0
498.HN       8.738 0
498.N      125.886 0
499.HN       7.889 0
499.N      113.224 0
500.HN       8.169 0
500.N      120.174 0
501.HN       8.232 0
501.N      119.637 0
502.HN       8.487 0
502.N      125.803 0
503.HN       8.236 0
503.N      117.223 0
504.HN       7.417 0
504.N      120.681 0
506.HN       8.327 0
506.N      114.614 0
507.HN       7.410 0
507.N      122.210 0
508.HN       8.666 0
508.N      128.991 0
509.HN       8.780 0
509.N      124.646 0
510.HN       8.738 0
510.N      128.385 0
511.HN       8.700 0
511.N      118.061 0
512.HN       8.393 0
512.N      123.760 0
513.HN       9.047 0
513.N      122.690 0
514.HN       9.020 0
514.N      122.035 0
515.HN       8.466 0
515.N      119.579 0
516.HN       8.985 0
516.N      120.772 0
517.HN       8.573 0
517.N      121.661 0
518.HN       8.647 0
518.N      117.507 0
519.HN       8.226 0
519.N      120.119 0
520.HN       7.109 0
520.N      122.647 0
521.HN       9.044 0
521.N      112.823 0
522.HN       8.899 0
522.N      121.494 0
523.HN       7.765 0
523.N      121.782 0
524.HN       7.205 0
524.N      120.492 0
525.HN       7.435 0
525.N      121.231 0
526.HN       8.054 0
526.N      114.996 0
527.HN       8.346 0
527.N      123.794 0
528.HN       7.728 0
528.N      125.860 0
529.HN       8.302 0
529.N      120.309 0
530.HN       8.339 0
530.N      115.731 0
531.HN       7.810 0
531.N      124.986 0
532.HN       7.946 0
532.N      120.741 0
533.HN       8.742 0
533.N      118.344 0
534.HN       8.334 0
534.N      122.485 0
535.HN       8.110 0
535.N      118.588 0
536.HN       7.783 0
536.N      120.348 0
537.HN       7.382 0
537.N      118.222 0
538.HN       8.071 0
538.N      121.905 0
539.HN       7.254 0
539.N      107.637 0
540.HN       7.624 0
540.N      117.561 0
541.HN       7.860 0
541.N      120.930 0
542.HN       7.391 0
542.N      128.762 0
543.HN      11.179 0
543.N      119.578 0
544.HN       7.282 0
544.N      112.699 0
546.HN       8.773 0
546.N      126.133 0
547.HN       8.126 0
547.N      121.595 0
549.HN       7.943 0
549.N      105.536 0
550.HN       8.538 0
550.N      121.859 0
551.HN       8.986 0
551.N      120.036 0
552.HN      10.502 0
552.N      116.220 0
553.HN       7.246 0
553.N      121.165 0
554.HN       9.141 0
554.N      122.255 0
555.HN       7.334 0
555.N      105.679 0
557.HN       7.921 0
557.N      124.860 0
560.HN       8.505 0
560.N      128.729 0
562.HN       7.341 0
562.N      117.664 0
563.HN       8.310 0
563.N      119.760 0
564.HN       8.672 0
564.N      103.837 0
565.HN       8.295 0
565.N      119.958 0
566.HN       7.907 0
566.N      121.456 0
567.HN       7.015 0
567.N      106.254 0
568.HN       8.229 0
568.N      116.726 0
569.HN       9.397 0
569.N      122.478 0
570.HN       7.055 0
570.N      120.235 0
571.HN       7.866 0
571.N      118.983 0
574.HN       7.720 0
574.N      116.872 0
575.HN       7.498 0
575.N      119.618 0
576.HN       7.162 0
576.N      118.927 0
577.HN       7.080 0
577.N      122.044 0
580.HN       8.184 0
580.N      109.773 0
581.HN       7.984 0
581.N      122.265 0
582.HN       8.367 0
582.N      120.562 0
583.HN       7.846 0
583.N      121.173 0
584.HN       7.851 0
584.N      117.898 0
585.HN       7.937 0
585.N      123.146 0
586.HN       8.107 0
586.N      123.247 0
588.HN       8.022 0
588.N      115.250 0
589.HN       8.276 0
589.N      123.328 0
590.HN       8.176 0
590.N      119.754 0
592.HN       8.275 0
592.N      120.477 0
593.HN       7.821 0
593.N      120.297 0
594.HN       7.836 0
594.N      120.693 0
595.HN       8.443 0
595.N      124.551 0
596.HN       9.329 0
596.N      121.282 0
598.HN       8.042 0
598.N      121.945 0
599.HN       7.656 0
599.N      121.689 0
600.HN       7.719 0
600.N      121.346 0
601.HN       8.134 0
601.N      117.862 0
602.HN       8.118 0
602.N      116.664 0
603.HN       7.945 0
603.N      121.029 0
604.HN       7.600 0
604.N      120.854 0
606.HN       7.838 0
606.N      121.781 0
608.HN       8.251 0
608.N      127.347 0
610.HN       7.998 0
610.N      109.840 0
615.HN       9.031 0
615.N      123.000 0
617.HN       6.993 0
617.N      122.690 0
618.HN       7.867 0
618.N      113.737 0
619.HN       8.119 0
619.N      121.271 0
620.HN       8.252 0
620.N      132.180 0
624.HN       8.800 0
624.N      126.595 0
625.HN       6.583 0
625.N      123.860 0
626.HN      10.303 0
626.N      128.340 0
627.HN       8.952 0
627.N      115.384 0
628.HN       7.598 0
628.N      116.412 0
629.HN       7.370 0
629.N      120.732 0
632.HN       8.289 0
632.N      116.566 0
634.HN       7.710 0
634.N      114.774 0
635.HN       8.061 0
635.N      116.571 0
636.HN       7.465 0
636.N      121.029 0
637.HN       7.573 0
637.N      123.792 0
640.HN       8.672 0
640.N      130.255 0
641.HN       8.756 0
641.N      116.488 0
642.HN       7.923 0
642.N      121.108 0
643.HN       7.972 0
643.N      109.584 0
665.HN       8.684 0
665.N      117.679 0
666.HN       8.306 0
666.N      121.829 0
667.HN       7.298 0
667.N      121.726 0
668.HN       8.214 0
668.N      124.877 0
670.HN       9.089 0
670.N      115.703 0
671.HN       6.711 0
671.N      126.990 0
672.HN       7.358 0
672.N      119.561 0
673.HN       8.250 0
673.N      115.164 0
674.HN       6.909 0
674.N      116.605 0
675.HN       7.105 0
675.N      115.299 0
676.HN       7.379 0
676.N      121.416 0
677.HN       7.843 0
677.N      124.942 0
678.HN       9.359 0
678.N      114.870 0
679.HN       7.524 0
679.N      113.896 0
681.HN       8.474 0
681.N      122.026 0
682.HN       7.641 0
682.N      127.211 0
683.HN       7.700 0
683.N      123.864 0
684.HN       7.204 0
684.N      122.296 0
685.HN       8.260 0
685.N      116.439 0
686.HN       9.097 0
686.N      124.326 0
687.HN       8.388 0
687.N      108.543 0
689.HN       8.240 0
689.N      123.690 0
695.HN       7.325 0
695.N      109.863 0
696.HN       8.036 0
696.N      122.633 0
697.HN       9.307 0
697.N      106.982 0
698.HN       7.654 0
698.N      109.980 0
699.HN       8.328 0
699.N      119.127 0
701.HN       6.949 0
701.N      116.529 0
704.HN       7.394 0
704.N      123.505 0
706.HN       8.559 0
706.N      123.697 0
707.HN       9.118 0
707.N      118.441 0
708.HN       7.139 0
708.N      118.802 0
709.HN       7.536 0
709.N      122.370 0
710.HN       7.909 0
710.N      117.059 0
711.HN       7.275 0
711.N      119.752 0
712.HN       7.780 0
712.N      120.222 0
713.HN       8.517 0
713.N      119.173 0
716.HN       7.487 0
716.N      106.393 0
717.HN       7.950 0
717.N      123.108 0
718.HN       7.523 0
718.N      123.531 0
719.HN       7.155 0
719.N      119.062 0
720.HN       8.308 0
720.N      121.086 0
721.HN       7.990 0
721.N      123.411 0
725.HN       7.302 0
725.N      118.684 0
726.HN       7.298 0
726.N      118.081 0
728.HN       8.809 0
728.N      120.323 0
729.HN       7.262 0
729.N      122.603 0
730.HN       7.751 0
730.N      121.377 0
731.HN       8.416 0
731.N      119.156 0
732.HN       6.961 0
732.N      119.887 0
733.HN       7.315 0
733.N      120.066 0
734.HN       7.520 0
734.N      117.934 0
735.HN       8.116 0
735.N      124.252 0
736.HN       7.392 0
736.N      119.796 0
737.HN       6.683 0
737.N      113.664 0
738.HN       7.156 0
738.N      123.057 0
739.HN       8.877 0
739.N      130.197 0
740.HN      11.541 0
740.N      126.602 0
742.HN       7.798 0
742.N      109.397 0
743.HN       7.829 0
743.N      120.818 0
744.HN       7.054 0
744.N      121.731 0
746.HN       7.402 0
746.N      107.502 0
747.HN       8.520 0
747.N      118.591 0
748.HN       8.029 0
748.N      119.876 0
749.HN       7.304 0
749.N      120.383 0
750.HN       8.146 0
750.N      120.722 0
751.HN       8.211 0
751.N      119.329 0
752.HN       7.265 0
752.N      120.075 0
753.HN       8.560 0
753.N      121.835 0
754.HN       8.903 0
754.N      121.717 0
755.HN       8.651 0
755.N      122.042 0
756.HN       7.152 0
756.N      119.037 0
758.HN       8.874 0
758.N      124.924 0
759.HN       7.496 0
759.N      122.625 0
760.HN       7.610 0
760.N      118.633 0
761.HN       7.738 0
761.N      115.691 0
762.HN       8.020 0
762.N      119.477 0
763.HN       8.136 0
763.N      121.101 0
764.HN       8.057 0
764.N      120.985 0
765.HN       7.893 0
765.N      128.563 0
